[0421/181740.928:ERROR:scoped_process_suspend.cc(30)] NtSuspendProcess: An attempt was made to access an exiting process.  (0xc000010a)
[0421/181740.941:ERROR:process_info.cc(116)] ReadProcessMemory bool __cdecl crashpad::`anonymous-namespace'::ReadStruct<struct crashpad::process_types::PEB<struct crashpad::process_types::internal::Traits64>>(void *,unsigned __int64,struct crashpad::process_types::PEB<struct crashpad::process_types::internal::Traits64> *): Only part of a ReadProcessMemory or WriteProcessMemory request was completed. (0x12B)
[0421/181740.941:ERROR:process_info.cc(559)] ReadProcessData failed
[0421/181740.941:ERROR:process_reader_win.cc(233)] ReadMemory at 0x7feefe73970 of 12 bytes failed: Only part of a ReadProcessMemory or WriteProcessMemory request was completed. (0x12B)
[0421/181740.941:WARNING:process_snapshot_win.cc(68)] ReadMemory ExceptionInformation failed
[0421/181740.941:WARNING:crash_report_exception_handler.cc(60)] ProcessSnapshotWin::Initialize failed
[0421/181741.038:ERROR:exception_snapshot_win.cc(87)] thread ID 4720 not found in process
[0421/181741.038:WARNING:crash_report_exception_handler.cc(60)] ProcessSnapshotWin::Initialize failed
[0423/144554.107:ERROR:process_reader_win.cc(142)] SuspendThread: Access is denied. (0x5)
[0423/144554.122:ERROR:exception_snapshot_win.cc(87)] thread ID 208 not found in process
[0423/144554.122:WARNING:crash_report_exception_handler.cc(60)] ProcessSnapshotWin::Initialize failed
[0423/144554.125:ERROR:scoped_process_suspend.cc(38)] NtResumeProcess: An attempt was made to access an exiting process.  (0xc000010a)
[0423/144554.457:ERROR:scoped_process_suspend.cc(30)] NtSuspendProcess: An attempt was made to access an exiting process.  (0xc000010a)
[0423/144554.582:ERROR:process_info.cc(116)] ReadProcessMemory bool __cdecl crashpad::`anonymous-namespace'::ReadStruct<struct crashpad::process_types::PEB<struct crashpad::process_types::internal::Traits64>>(void *,unsigned __int64,struct crashpad::process_types::PEB<struct crashpad::process_types::internal::Traits64> *): Only part of a ReadProcessMemory or WriteProcessMemory request was completed. (0x12B)
[0423/144554.632:ERROR:process_info.cc(559)] ReadProcessData failed
[0423/144554.632:ERROR:process_reader_win.cc(233)] ReadMemory at 0x7feeb1a3970 of 12 bytes failed: Only part of a ReadProcessMemory or WriteProcessMemory request was completed. (0x12B)
[0423/144554.633:WARNING:process_snapshot_win.cc(68)] ReadMemory ExceptionInformation failed
[0423/144554.633:WARNING:crash_report_exception_handler.cc(60)] ProcessSnapshotWin::Initialize failed
[0423/144555.134:ERROR:scoped_process_suspend.cc(30)] NtSuspendProcess: An attempt was made to access an exiting process.  (0xc000010a)
[0423/144555.141:ERROR:process_reader_win.cc(142)] SuspendThread: Access is denied. (0x5)
[0423/144555.144:ERROR:exception_snapshot_win.cc(87)] thread ID 3588 not found in process
[0423/144555.144:WARNING:crash_report_exception_handler.cc(60)] ProcessSnapshotWin::Initialize failed
[0423/144555.601:ERROR:scoped_process_suspend.cc(30)] NtSuspendProcess: An attempt was made to access an exiting process.  (0xc000010a)
[0423/144555.604:ERROR:process_info.cc(116)] ReadProcessMemory bool __cdecl crashpad::`anonymous-namespace'::ReadStruct<struct crashpad::process_types::PEB<struct crashpad::process_types::internal::Traits64>>(void *,unsigned __int64,struct crashpad::process_types::PEB<struct crashpad::process_types::internal::Traits64> *): Only part of a ReadProcessMemory or WriteProcessMemory request was completed. (0x12B)
[0423/144555.604:ERROR:process_info.cc(559)] ReadProcessData failed
[0423/144555.604:ERROR:process_reader_win.cc(233)] ReadMemory at 0x7feeb1a3970 of 12 bytes failed: Only part of a ReadProcessMemory or WriteProcessMemory request was completed. (0x12B)
[0423/144555.604:WARNING:process_snapshot_win.cc(68)] ReadMemory ExceptionInformation failed
[0423/144555.604:WARNING:crash_report_exception_handler.cc(60)] ProcessSnapshotWin::Initialize failed
